app/build/intermediates/manifest_merge_blame_file/debug/manifest-merger-blame-debug-report.txt
1<?xml version="1.0" encoding="utf-8"?>
2<manifest xmlns:android="http://schemas.android.com/apk/res/android"
3    package="cn.cqautotest.sunnybeach.debug"
4    android:versionCode="5"
5    android:versionName="2.2" >
6
7    <uses-sdk
8        android:minSdkVersion="21"
8-->src\main\AndroidManifest.xml
9        android:targetSdkVersion="30" />
9-->src\main\AndroidManifest.xml
10
11    <!-- 网络相关 -->
12    <uses-permission android:name="android.permission.INTERNET" />
12-->src\main\AndroidManifest.xml:7:5-67
12-->src\main\AndroidManifest.xml:7:22-64
13    <uses-permission android:name="android.permission.ACCESS_NETWORK_STATE" />
13-->src\main\AndroidManifest.xml:8:5-79
13-->src\main\AndroidManifest.xml:8:22-76
14    <uses-permission android:name="android.permission.ACCESS_WIFI_STATE" />
14-->src\main\AndroidManifest.xml:9:5-76
14-->src\main\AndroidManifest.xml:9:22-73
15    <!-- 设置壁纸权限 -->
16    <uses-permission android:name="android.permission.SET_WALLPAPER" />
16-->src\main\AndroidManifest.xml:11:5-72
16-->src\main\AndroidManifest.xml:11:22-69
17    <!-- 外部存储 -->
18    <!-- 权限框架内部已经做了适配，直接申请 Manifest.permission.MANAGE_EXTERNAL_STORAGE 权限即可 -->
19    <!-- <uses-permission android:name="android.permission.READ_EXTERNAL_STORAGE" /> -->
20    <!-- <uses-permission android:name="android.permission.WRITE_EXTERNAL_STORAGE" /> -->
21    <uses-permission android:name="android.permission.MANAGE_EXTERNAL_STORAGE" />
21-->src\main\AndroidManifest.xml:16:5-18:40
21-->src\main\AndroidManifest.xml:17:9-66
22    <!-- 拍照权限 -->
23    <uses-permission android:name="android.permission.CAMERA" />
23-->src\main\AndroidManifest.xml:20:5-65
23-->src\main\AndroidManifest.xml:20:22-62
24    <!-- 安装权限 -->
25    <uses-permission android:name="android.permission.REQUEST_INSTALL_PACKAGES" />
25-->src\main\AndroidManifest.xml:22:5-83
25-->src\main\AndroidManifest.xml:22:22-80
26    <!-- 定位权限（用于 WebView 定位） -->
27    <uses-permission android:name="android.permission.ACCESS_FINE_LOCATION" />
27-->src\main\AndroidManifest.xml:24:5-79
27-->src\main\AndroidManifest.xml:24:22-76
28    <uses-permission android:name="android.permission.ACCESS_COARSE_LOCATION" />
28-->src\main\AndroidManifest.xml:25:5-81
28-->src\main\AndroidManifest.xml:25:22-78
29    <!-- Android 11 软件包可见性适配：https://www.jianshu.com/p/d1ccd425c4ce -->
30    <queries>
30-->src\main\AndroidManifest.xml:27:5-58:15
31
32        <!-- 拍照意图：MediaStore.ACTION_IMAGE_CAPTURE -->
33        <intent>
33-->src\main\AndroidManifest.xml:30:9-32:18
34            <action android:name="android.media.action.IMAGE_CAPTURE" />
34-->src\main\AndroidManifest.xml:31:13-73
34-->src\main\AndroidManifest.xml:31:21-70
35        </intent>
36
37        <!-- 拍摄意图：MediaStore.ACTION_VIDEO_CAPTURE -->
38        <intent>
38-->src\main\AndroidManifest.xml:35:9-37:18
39            <action android:name="android.media.action.VIDEO_CAPTURE" />
39-->src\main\AndroidManifest.xml:36:13-73
39-->src\main\AndroidManifest.xml:36:21-70
40        </intent>
41
42        <!-- 图片裁剪意图 -->
43        <intent>
43-->src\main\AndroidManifest.xml:40:9-42:18
44            <action android:name="com.android.camera.action.CROP" />
44-->src\main\AndroidManifest.xml:41:13-69
44-->src\main\AndroidManifest.xml:41:21-66
45        </intent>
46
47        <!-- 打电话意图：Intent.ACTION_DIAL -->
48        <intent>
48-->src\main\AndroidManifest.xml:45:9-47:18
49            <action android:name="android.intent.action.DIAL" />
49-->src\main\AndroidManifest.xml:46:13-65
49-->src\main\AndroidManifest.xml:46:21-62
50        </intent>
51
52        <!-- 分享意图：Intent.ACTION_SEND -->
53        <intent>
53-->src\main\AndroidManifest.xml:50:9-52:18
54            <action android:name="android.intent.action.SEND" />
54-->src\main\AndroidManifest.xml:51:13-65
54-->src\main\AndroidManifest.xml:51:21-62
55        </intent>
56
57        <!-- 调起其他页面意图：Intent.ACTION_VIEW -->
58        <intent>
58-->src\main\AndroidManifest.xml:55:9-57:18
59            <action android:name="android.intent.action.VIEW" />
59-->src\main\AndroidManifest.xml:56:13-65
59-->src\main\AndroidManifest.xml:56:21-62
60        </intent>
61        <!-- 手 Q 的包名 -->
62        <package android:name="com.tencent.mobileqq" /> <!-- 微信的包名 -->
62-->[:umeng] AndroidManifest.xml:26:9-56
62-->[:umeng] AndroidManifest.xml:26:18-53
63        <package android:name="com.tencent.mm" />
63-->[:umeng] AndroidManifest.xml:28:9-50
63-->[:umeng] AndroidManifest.xml:28:18-47
64    </queries>
65
66    <!-- 友盟统计 -->
67    <uses-permission android:name="android.permission.READ_PHONE_STATE" /> <!-- 友盟社会化 -->
67-->[:umeng] AndroidManifest.xml:16:5-75
67-->[:umeng] AndroidManifest.xml:16:22-72
68    <uses-permission android:name="android.permission.READ_EXTERNAL_STORAGE" />
68-->[:umeng] AndroidManifest.xml:19:5-80
68-->[:umeng] AndroidManifest.xml:19:22-77
69    <uses-permission android:name="android.permission.WRITE_EXTERNAL_STORAGE" /> <!-- To allow starting foreground services on Android P+ - https://developer.android.com/preview/behavior-changes#fg-svc -->
69-->[:umeng] AndroidManifest.xml:20:5-81
69-->[:umeng] AndroidManifest.xml:20:22-78
70    <uses-permission android:name="android.permission.FOREGROUND_SERVICE" />
70-->[com.squareup.leakcanary:leakcanary-android-core:2.5] AndroidManifest.xml:26:5-77
70-->[com.squareup.leakcanary:leakcanary-android-core:2.5] AndroidManifest.xml:26:22-74
71    <uses-permission android:name="com.xiaomi.market.sdk.UPDATE" />
71-->[mi-appstore:xiaomi-update-sdk:4.0.3] AndroidManifest.xml:16:5-68
71-->[mi-appstore:xiaomi-update-sdk:4.0.3] AndroidManifest.xml:16:22-65
72
73    <application
74        android:name="cn.cqautotest.sunnybeach.app.AppApplication"
74-->src\main\AndroidManifest.xml:61:9-43
75        android:allowBackup="false"
75-->src\main\AndroidManifest.xml:62:9-36
76        android:appComponentFactory="androidx.core.app.CoreComponentFactory"
76-->[androidx.core:core:1.5.0] AndroidManifest.xml:24:18-86
77        android:debuggable="true"
78        android:icon="@mipmap/launcher_ic"
78-->src\main\AndroidManifest.xml:63:9-43
79        android:label="阳光沙滩 Debug 版"
79-->src\main\AndroidManifest.xml:64:9-36
80        android:networkSecurityConfig="@xml/network_security_config"
80-->src\main\AndroidManifest.xml:65:9-69
81        android:requestLegacyExternalStorage="true"
81-->src\main\AndroidManifest.xml:66:9-52
82        android:resizeableActivity="true"
82-->src\main\AndroidManifest.xml:67:9-42
83        android:roundIcon="@mipmap/launcher_ic"
83-->src\main\AndroidManifest.xml:68:9-48
84        android:supportsRtl="false"
84-->src\main\AndroidManifest.xml:69:9-36
85        android:theme="@style/AppTheme"
85-->src\main\AndroidManifest.xml:70:9-40
86        android:usesCleartextTraffic="true" >
86-->src\main\AndroidManifest.xml:71:9-44
87
88        <!-- 适配 Android 7.0 文件意图 -->
89        <provider
90            android:name="androidx.core.content.FileProvider"
90-->src\main\AndroidManifest.xml:77:13-62
91            android:authorities="cn.cqautotest.sunnybeach.debug.provider"
91-->src\main\AndroidManifest.xml:78:13-60
92            android:exported="false"
92-->src\main\AndroidManifest.xml:79:13-37
93            android:grantUriPermissions="true" >
93-->src\main\AndroidManifest.xml:80:13-47
94            <meta-data
94-->src\main\AndroidManifest.xml:81:13-83:54
95                android:name="android.support.FILE_PROVIDER_PATHS"
95-->src\main\AndroidManifest.xml:82:17-67
96                android:resource="@xml/file_paths" />
96-->src\main\AndroidManifest.xml:83:17-51
97        </provider>
98        <!-- 闪屏页 -->
99        <activity
99-->src\main\AndroidManifest.xml:86:9-99:20
100            android:name="cn.cqautotest.sunnybeach.ui.activity.SplashActivity"
100-->src\main\AndroidManifest.xml:87:13-55
101            android:launchMode="singleTop"
101-->src\main\AndroidManifest.xml:88:13-43
102            android:screenOrientation="portrait"
102-->src\main\AndroidManifest.xml:89:13-49
103            android:theme="@style/SplashTheme" >
103-->src\main\AndroidManifest.xml:90:13-47
104
105            <!-- 程序入口 -->
106            <intent-filter>
106-->src\main\AndroidManifest.xml:93:13-98:29
107                <action android:name="android.intent.action.MAIN" />
107-->src\main\AndroidManifest.xml:94:17-69
107-->src\main\AndroidManifest.xml:94:25-66
108                <action android:name="android.intent.action.VIEW" />
108-->src\main\AndroidManifest.xml:56:13-65
108-->src\main\AndroidManifest.xml:56:21-62
109
110                <category android:name="android.intent.category.LAUNCHER" />
110-->src\main\AndroidManifest.xml:97:17-77
110-->src\main\AndroidManifest.xml:97:27-74
111            </intent-filter>
112        </activity>
113        <!-- 引导页 -->
114        <activity
114-->src\main\AndroidManifest.xml:101:9-104:52
115            android:name="cn.cqautotest.sunnybeach.ui.activity.GuideActivity"
115-->src\main\AndroidManifest.xml:102:13-54
116            android:launchMode="singleTop"
116-->src\main\AndroidManifest.xml:103:13-43
117            android:screenOrientation="portrait" />
117-->src\main\AndroidManifest.xml:104:13-49
118        <!-- 首页 -->
119        <activity
119-->src\main\AndroidManifest.xml:106:9-110:55
120            android:name="cn.cqautotest.sunnybeach.ui.activity.HomeActivity"
120-->src\main\AndroidManifest.xml:107:13-53
121            android:launchMode="singleTask"
121-->src\main\AndroidManifest.xml:108:13-44
122            android:screenOrientation="portrait"
122-->src\main\AndroidManifest.xml:109:13-49
123            android:windowSoftInputMode="adjustPan" />
123-->src\main\AndroidManifest.xml:110:13-52
124        <!-- 摸鱼设置页 -->
125        <activity
125-->src\main\AndroidManifest.xml:112:9-116:55
126            android:name="cn.cqautotest.sunnybeach.ui.activity.FishPondSettingActivity"
126-->src\main\AndroidManifest.xml:113:13-64
127            android:launchMode="singleTask"
127-->src\main\AndroidManifest.xml:114:13-44
128            android:screenOrientation="portrait"
128-->src\main\AndroidManifest.xml:115:13-49
129            android:windowSoftInputMode="adjustPan" />
129-->src\main\AndroidManifest.xml:116:13-52
130        <!-- 文章详情 -->
131        <activity
131-->src\main\AndroidManifest.xml:118:9-122:55
132            android:name="cn.cqautotest.sunnybeach.ui.activity.ArticleDetailActivity"
132-->src\main\AndroidManifest.xml:119:13-62
133            android:launchMode="singleTask"
133-->src\main\AndroidManifest.xml:120:13-44
134            android:screenOrientation="portrait"
134-->src\main\AndroidManifest.xml:121:13-49
135            android:windowSoftInputMode="adjustPan" />
135-->src\main\AndroidManifest.xml:122:13-52
136        <!-- 登录页 -->
137        <activity
137-->src\main\AndroidManifest.xml:124:9-127:52
138            android:name="cn.cqautotest.sunnybeach.ui.activity.LoginActivity"
138-->src\main\AndroidManifest.xml:125:13-54
139            android:launchMode="singleTop"
139-->src\main\AndroidManifest.xml:126:13-43
140            android:screenOrientation="portrait" />
140-->src\main\AndroidManifest.xml:127:13-49
141        <!-- 注册页 -->
142        <activity
142-->src\main\AndroidManifest.xml:129:9-132:52
143            android:name="cn.cqautotest.sunnybeach.ui.activity.RegisterActivity"
143-->src\main\AndroidManifest.xml:130:13-57
144            android:launchMode="singleTop"
144-->src\main\AndroidManifest.xml:131:13-43
145            android:screenOrientation="portrait" />
145-->src\main\AndroidManifest.xml:132:13-49
146        <!-- 崩溃展示（必须在独立进程） -->
147        <activity
147-->src\main\AndroidManifest.xml:134:9-138:53
148            android:name="cn.cqautotest.sunnybeach.ui.activity.CrashActivity"
148-->src\main\AndroidManifest.xml:135:13-54
149            android:launchMode="singleTop"
149-->src\main\AndroidManifest.xml:136:13-43
150            android:process=":crash"
150-->src\main\AndroidManifest.xml:137:13-37
151            android:screenOrientation="landscape" />
151-->src\main\AndroidManifest.xml:138:13-50
152        <!-- 重启应用（必须在独立进程） -->
153        <activity
153-->src\main\AndroidManifest.xml:140:9-143:42
154            android:name="cn.cqautotest.sunnybeach.ui.activity.RestartActivity"
154-->src\main\AndroidManifest.xml:141:13-56
155            android:launchMode="singleTop"
155-->src\main\AndroidManifest.xml:142:13-43
156            android:process=":restart" />
156-->src\main\AndroidManifest.xml:143:13-39
157        <!-- 设置页 -->
158        <activity
158-->src\main\AndroidManifest.xml:145:9-149:52
159            android:name="cn.cqautotest.sunnybeach.ui.activity.SettingActivity"
159-->src\main\AndroidManifest.xml:146:13-56
160            android:label="@string/setting_title"
160-->src\main\AndroidManifest.xml:147:13-50
161            android:launchMode="singleTop"
161-->src\main\AndroidManifest.xml:148:13-43
162            android:screenOrientation="portrait" />
162-->src\main\AndroidManifest.xml:149:13-49
163        <!-- 忘记密码 -->
164        <activity
164-->src\main\AndroidManifest.xml:151:9-155:52
165            android:name="cn.cqautotest.sunnybeach.ui.activity.PasswordForgetActivity"
165-->src\main\AndroidManifest.xml:152:13-63
166            android:label="@string/password_forget_title"
166-->src\main\AndroidManifest.xml:153:13-58
167            android:launchMode="singleTop"
167-->src\main\AndroidManifest.xml:154:13-43
168            android:screenOrientation="portrait" />
168-->src\main\AndroidManifest.xml:155:13-49
169        <!-- 重置密码 -->
170        <activity
170-->src\main\AndroidManifest.xml:157:9-161:52
171            android:name="cn.cqautotest.sunnybeach.ui.activity.PasswordResetActivity"
171-->src\main\AndroidManifest.xml:158:13-62
172            android:label="@string/password_reset_title"
172-->src\main\AndroidManifest.xml:159:13-57
173            android:launchMode="singleTop"
173-->src\main\AndroidManifest.xml:160:13-43
174            android:screenOrientation="portrait" />
174-->src\main\AndroidManifest.xml:161:13-49
175        <!-- 更换手机 -->
176        <activity
176-->src\main\AndroidManifest.xml:163:9-167:52
177            android:name="cn.cqautotest.sunnybeach.ui.activity.PhoneResetActivity"
177-->src\main\AndroidManifest.xml:164:13-59
178            android:label="@string/phone_reset_title"
178-->src\main\AndroidManifest.xml:165:13-54
179            android:launchMode="singleTop"
179-->src\main\AndroidManifest.xml:166:13-43
180            android:screenOrientation="portrait" />
180-->src\main\AndroidManifest.xml:167:13-49
181        <!-- 关于我们 -->
182        <activity
182-->src\main\AndroidManifest.xml:169:9-173:52
183            android:name="cn.cqautotest.sunnybeach.ui.activity.AboutActivity"
183-->src\main\AndroidManifest.xml:170:13-54
184            android:label="@string/about_title"
184-->src\main\AndroidManifest.xml:171:13-48
185            android:launchMode="singleTop"
185-->src\main\AndroidManifest.xml:172:13-43
186            android:screenOrientation="portrait" />
186-->src\main\AndroidManifest.xml:173:13-49
187        <!-- 个人资料 -->
188        <activity
188-->src\main\AndroidManifest.xml:175:9-179:52
189            android:name="cn.cqautotest.sunnybeach.ui.activity.PersonalDataActivity"
189-->src\main\AndroidManifest.xml:176:13-61
190            android:label="@string/personal_data_title"
190-->src\main\AndroidManifest.xml:177:13-56
191            android:launchMode="singleTop"
191-->src\main\AndroidManifest.xml:178:13-43
192            android:screenOrientation="portrait" />
192-->src\main\AndroidManifest.xml:179:13-49
193        <!-- 网页浏览 -->
194        <activity
194-->src\main\AndroidManifest.xml:181:9-185:52
195            android:name="cn.cqautotest.sunnybeach.ui.activity.BrowserActivity"
195-->src\main\AndroidManifest.xml:182:13-56
196            android:label="@string/web_title"
196-->src\main\AndroidManifest.xml:183:13-46
197            android:launchMode="singleTop"
197-->src\main\AndroidManifest.xml:184:13-43
198            android:screenOrientation="portrait" />
198-->src\main\AndroidManifest.xml:185:13-49
199        <!-- 拍照选择 -->
200        <activity
200-->src\main\AndroidManifest.xml:187:9-190:52
201            android:name="cn.cqautotest.sunnybeach.ui.activity.CameraActivity"
201-->src\main\AndroidManifest.xml:188:13-55
202            android:launchMode="singleTop"
202-->src\main\AndroidManifest.xml:189:13-43
203            android:screenOrientation="portrait" />
203-->src\main\AndroidManifest.xml:190:13-49
204        <!-- 图片选择 -->
205        <activity
205-->src\main\AndroidManifest.xml:192:9-196:52
206            android:name="cn.cqautotest.sunnybeach.ui.activity.ImageSelectActivity"
206-->src\main\AndroidManifest.xml:193:13-60
207            android:label="@string/image_select_title"
207-->src\main\AndroidManifest.xml:194:13-55
208            android:launchMode="singleTop"
208-->src\main\AndroidManifest.xml:195:13-43
209            android:screenOrientation="portrait" />
209-->src\main\AndroidManifest.xml:196:13-49
210        <!-- 查看大图 -->
211        <activity
211-->src\main\AndroidManifest.xml:198:9-201:52
212            android:name="cn.cqautotest.sunnybeach.ui.activity.ImagePreviewActivity"
212-->src\main\AndroidManifest.xml:199:13-61
213            android:launchMode="singleTop"
213-->src\main\AndroidManifest.xml:200:13-43
214            android:screenOrientation="portrait" />
214-->src\main\AndroidManifest.xml:201:13-49
215        <!-- 播放视频 -->
216        <activity
216-->src\main\AndroidManifest.xml:203:9-207:54
217            android:name="cn.cqautotest.sunnybeach.ui.activity.VideoPlayActivity"
217-->src\main\AndroidManifest.xml:204:13-58
218            android:launchMode="singleTop"
218-->src\main\AndroidManifest.xml:205:13-43
219            android:screenOrientation="landscape"
219-->src\main\AndroidManifest.xml:206:13-50
220            android:theme="@style/FullScreenTheme" />
220-->src\main\AndroidManifest.xml:207:13-51
221        <!-- 选择视频 -->
222        <activity
222-->src\main\AndroidManifest.xml:209:9-212:52
223            android:name="cn.cqautotest.sunnybeach.ui.activity.VideoSelectActivity"
223-->src\main\AndroidManifest.xml:210:13-60
224            android:launchMode="singleTop"
224-->src\main\AndroidManifest.xml:211:13-43
225            android:screenOrientation="portrait" />
225-->src\main\AndroidManifest.xml:212:13-49
226        <!-- 对话框案例 -->
227        <activity
227-->src\main\AndroidManifest.xml:214:9-217:52
228            android:name="cn.cqautotest.sunnybeach.ui.activity.DialogActivity"
228-->src\main\AndroidManifest.xml:215:13-55
229            android:launchMode="singleTop"
229-->src\main\AndroidManifest.xml:216:13-43
230            android:screenOrientation="portrait" />
230-->src\main\AndroidManifest.xml:217:13-49
231        <!-- 状态案例 -->
232        <activity
232-->src\main\AndroidManifest.xml:219:9-222:52
233            android:name="cn.cqautotest.sunnybeach.ui.activity.StatusActivity"
233-->src\main\AndroidManifest.xml:220:13-55
234            android:launchMode="singleTop"
234-->src\main\AndroidManifest.xml:221:13-43
235            android:screenOrientation="portrait" />
235-->src\main\AndroidManifest.xml:222:13-49
236        <!-- 图片查看（仿抖音） -->
237        <activity
237-->src\main\AndroidManifest.xml:224:9-227:52
238            android:name="cn.cqautotest.sunnybeach.ui.activity.GalleryActivity"
238-->src\main\AndroidManifest.xml:225:13-56
239            android:launchMode="singleTop"
239-->src\main\AndroidManifest.xml:226:13-43
240            android:screenOrientation="portrait" />
240-->src\main\AndroidManifest.xml:227:13-49
241
242        <service
242-->[com.squareup.leakcanary:leakcanary-android:2.5] AndroidManifest.xml:23:9-25:40
243            android:name="leakcanary.internal.HeapAnalyzerService"
243-->[com.squareup.leakcanary:leakcanary-android:2.5] AndroidManifest.xml:24:13-67
244            android:exported="false" /> <!-- 友盟 Key（请在 Gradle 中配置，请不要在此处修改） -->
244-->[com.squareup.leakcanary:leakcanary-android:2.5] AndroidManifest.xml:25:13-37
245        <meta-data
245-->[:umeng] AndroidManifest.xml:34:9-36:56
246            android:name="UMENG_APPKEY"
246-->[:umeng] AndroidManifest.xml:35:13-40
247            android:value="5cb16d93570df399fd0014e2" /> <!-- QQ AppId（请在 Gradle 中配置，请不要在此处修改） -->
247-->[:umeng] AndroidManifest.xml:36:13-53
248        <meta-data
248-->[:umeng] AndroidManifest.xml:39:9-41:41
249            android:name="QQ_APPID"
249-->[:umeng] AndroidManifest.xml:40:13-36
250            android:value="101828096" /> <!-- QQ Key（请在 Gradle 中配置，请不要在此处修改） -->
250-->[:umeng] AndroidManifest.xml:41:13-38
251        <meta-data
251-->[:umeng] AndroidManifest.xml:43:9-45:64
252            android:name="QQ_APPKEY"
252-->[:umeng] AndroidManifest.xml:44:13-37
253            android:value="9dfd3300c3aa3c4596a07796c64914b2" /> <!-- 微信 AppId（请在 Gradle 中配置，请不要在此处修改） -->
253-->[:umeng] AndroidManifest.xml:45:13-61
254        <meta-data
254-->[:umeng] AndroidManifest.xml:48:9-50:50
255            android:name="WX_APPID"
255-->[:umeng] AndroidManifest.xml:49:13-36
256            android:value="wxd35706cc9f46114c" /> <!-- 微信 Key（请在 Gradle 中配置，请不要在此处修改） -->
256-->[:umeng] AndroidManifest.xml:50:13-47
257        <meta-data
257-->[:umeng] AndroidManifest.xml:52:9-54:64
258            android:name="WX_APPKEY"
258-->[:umeng] AndroidManifest.xml:53:13-37
259            android:value="0c8c7cf831dd135a32b3e395ea459b5a" /> <!-- 友盟社会化 -->
259-->[:umeng] AndroidManifest.xml:54:13-61
260        <!-- QQ 回调 -->
261        <activity
261-->[:umeng] AndroidManifest.xml:60:9-73:20
262            android:name="com.tencent.tauth.AuthActivity"
262-->[:umeng] AndroidManifest.xml:61:13-58
263            android:launchMode="singleTask"
263-->[:umeng] AndroidManifest.xml:62:13-44
264            android:noHistory="true" >
264-->[:umeng] AndroidManifest.xml:63:13-37
265            <intent-filter>
265-->[:umeng] AndroidManifest.xml:65:13-72:29
266                <action android:name="android.intent.action.VIEW" />
266-->src\main\AndroidManifest.xml:56:13-65
266-->src\main\AndroidManifest.xml:56:21-62
267
268                <category android:name="android.intent.category.DEFAULT" />
268-->[:umeng] AndroidManifest.xml:68:17-76
268-->[:umeng] AndroidManifest.xml:68:27-73
269                <category android:name="android.intent.category.BROWSABLE" />
269-->[:umeng] AndroidManifest.xml:69:17-78
269-->[:umeng] AndroidManifest.xml:69:27-75
270
271                <data android:scheme="tencent101828096" />
271-->[:umeng] AndroidManifest.xml:71:17-59
271-->[:umeng] AndroidManifest.xml:71:23-56
272            </intent-filter>
273        </activity>
274        <activity
274-->[:umeng] AndroidManifest.xml:74:9-78:36
275            android:name="com.tencent.connect.common.AssistActivity"
275-->[:umeng] AndroidManifest.xml:75:13-69
276            android:configChanges="orientation|keyboardHidden"
276-->[:umeng] AndroidManifest.xml:76:13-63
277            android:theme="@android:style/Theme.Translucent.NoTitleBar" /> <!-- 微信回调（请注意这个 Activity 放置的包名要和当前项目的包名保持一致，否则将不能正常回调） -->
277-->[:umeng] AndroidManifest.xml:77:13-72
278        <!-- suppress AndroidDomInspection -->
279        <activity
279-->[:umeng] AndroidManifest.xml:82:9-88:36
280            android:name="cn.cqautotest.sunnybeach.debug.wxapi.WXEntryActivity"
280-->[:umeng] AndroidManifest.xml:83:13-66
281            android:configChanges="keyboardHidden|orientation|screenSize"
281-->[:umeng] AndroidManifest.xml:84:13-74
282            android:exported="true"
282-->[:umeng] AndroidManifest.xml:85:13-36
283            android:theme="@android:style/Theme.Translucent.NoTitleBar" />
283-->[:umeng] AndroidManifest.xml:86:13-72
284
285        <meta-data
285-->[com.github.bumptech.glide:okhttp3-integration:4.11.0] AndroidManifest.xml:11:9-13:43
286            android:name="com.bumptech.glide.integration.okhttp3.OkHttpGlideModule"
286-->[com.github.bumptech.glide:okhttp3-integration:4.11.0] AndroidManifest.xml:12:13-84
287            android:value="GlideModule" />
287-->[com.github.bumptech.glide:okhttp3-integration:4.11.0] AndroidManifest.xml:13:13-40
288
289        <activity
289-->[com.blankj:utilcodex:1.30.6] AndroidManifest.xml:10:9-14:75
290            android:name="com.blankj.utilcode.util.UtilsTransActivity4MainProcess"
290-->[com.blankj:utilcodex:1.30.6] AndroidManifest.xml:11:13-83
291            android:configChanges="orientation|keyboardHidden|screenSize"
291-->[com.blankj:utilcodex:1.30.6] AndroidManifest.xml:12:13-74
292            android:theme="@style/ActivityTranslucent"
292-->[com.blankj:utilcodex:1.30.6] AndroidManifest.xml:13:13-55
293            android:windowSoftInputMode="stateHidden|stateAlwaysHidden" />
293-->[com.blankj:utilcodex:1.30.6] AndroidManifest.xml:14:13-72
294        <activity
294-->[com.blankj:utilcodex:1.30.6] AndroidManifest.xml:15:9-20:75
295            android:name="com.blankj.utilcode.util.UtilsTransActivity"
295-->[com.blankj:utilcodex:1.30.6] AndroidManifest.xml:16:13-71
296            android:configChanges="orientation|keyboardHidden|screenSize"
296-->[com.blankj:utilcodex:1.30.6] AndroidManifest.xml:17:13-74
297            android:multiprocess="true"
297-->[com.blankj:utilcodex:1.30.6] AndroidManifest.xml:18:13-40
298            android:theme="@style/ActivityTranslucent"
298-->[com.blankj:utilcodex:1.30.6] AndroidManifest.xml:19:13-55
299            android:windowSoftInputMode="stateHidden|stateAlwaysHidden" />
299-->[com.blankj:utilcodex:1.30.6] AndroidManifest.xml:20:13-72
300
301        <provider
301-->[com.blankj:utilcodex:1.30.6] AndroidManifest.xml:22:9-30:20
302            android:name="com.blankj.utilcode.util.UtilsFileProvider"
302-->[com.blankj:utilcodex:1.30.6] AndroidManifest.xml:23:13-70
303            android:authorities="cn.cqautotest.sunnybeach.debug.utilcode.provider"
303-->[com.blankj:utilcodex:1.30.6] AndroidManifest.xml:24:13-69
304            android:exported="false"
304-->[com.blankj:utilcodex:1.30.6] AndroidManifest.xml:25:13-37
305            android:grantUriPermissions="true" >
305-->[com.blankj:utilcodex:1.30.6] AndroidManifest.xml:26:13-47
306            <meta-data
306-->src\main\AndroidManifest.xml:81:13-83:54
307                android:name="android.support.FILE_PROVIDER_PATHS"
307-->src\main\AndroidManifest.xml:82:17-67
308                android:resource="@xml/util_code_provider_paths" />
308-->src\main\AndroidManifest.xml:83:17-51
309        </provider>
310
311        <service
311-->[com.blankj:utilcodex:1.30.6] AndroidManifest.xml:32:9-38:19
312            android:name="com.blankj.utilcode.util.MessengerUtils$ServerService"
312-->[com.blankj:utilcodex:1.30.6] AndroidManifest.xml:33:13-81
313            android:exported="false" >
313-->[com.blankj:utilcodex:1.30.6] AndroidManifest.xml:34:13-37
314            <intent-filter>
314-->[com.blankj:utilcodex:1.30.6] AndroidManifest.xml:35:13-37:29
315                <action android:name="cn.cqautotest.sunnybeach.debug.messenger" />
315-->[com.blankj:utilcodex:1.30.6] AndroidManifest.xml:36:17-69
315-->[com.blankj:utilcodex:1.30.6] AndroidManifest.xml:36:25-66
316            </intent-filter>
317        </service>
318
319        <provider
319-->[com.squareup.leakcanary:leakcanary-android-core:2.5] AndroidManifest.xml:29:9-37:20
320            android:name="leakcanary.internal.LeakCanaryFileProvider"
320-->[com.squareup.leakcanary:leakcanary-android-core:2.5] AndroidManifest.xml:30:13-70
321            android:authorities="com.squareup.leakcanary.fileprovider.cn.cqautotest.sunnybeach.debug"
321-->[com.squareup.leakcanary:leakcanary-android-core:2.5] AndroidManifest.xml:31:13-88
322            android:exported="false"
322-->[com.squareup.leakcanary:leakcanary-android-core:2.5] AndroidManifest.xml:32:13-37
323            android:grantUriPermissions="true" >
323-->[com.squareup.leakcanary:leakcanary-android-core:2.5] AndroidManifest.xml:33:13-47
324            <meta-data
324-->src\main\AndroidManifest.xml:81:13-83:54
325                android:name="android.support.FILE_PROVIDER_PATHS"
325-->src\main\AndroidManifest.xml:82:17-67
326                android:resource="@xml/leak_canary_file_paths" />
326-->src\main\AndroidManifest.xml:83:17-51
327        </provider>
328
329        <activity
329-->[com.squareup.leakcanary:leakcanary-android-core:2.5] AndroidManifest.xml:39:9-44:66
330            android:name="leakcanary.internal.activity.LeakActivity"
330-->[com.squareup.leakcanary:leakcanary-android-core:2.5] AndroidManifest.xml:40:13-69
331            android:icon="@mipmap/leak_canary_icon"
331-->[com.squareup.leakcanary:leakcanary-android-core:2.5] AndroidManifest.xml:41:13-52
332            android:label="@string/leak_canary_display_activity_label"
332-->[com.squareup.leakcanary:leakcanary-android-core:2.5] AndroidManifest.xml:42:13-71
333            android:taskAffinity="com.squareup.leakcanary.cn.cqautotest.sunnybeach.debug"
333-->[com.squareup.leakcanary:leakcanary-android-core:2.5] AndroidManifest.xml:43:13-76
334            android:theme="@style/leak_canary_LeakCanary.Base" />
334-->[com.squareup.leakcanary:leakcanary-android-core:2.5] AndroidManifest.xml:44:13-63
335
336        <activity-alias
336-->[com.squareup.leakcanary:leakcanary-android-core:2.5] AndroidManifest.xml:46:9-62:26
337            android:name="leakcanary.internal.activity.LeakLauncherActivity"
337-->[com.squareup.leakcanary:leakcanary-android-core:2.5] AndroidManifest.xml:47:13-77
338            android:banner="@drawable/leak_canary_tv_icon"
338-->[com.squareup.leakcanary:leakcanary-android-core:2.5] AndroidManifest.xml:48:13-59
339            android:enabled="@bool/leak_canary_add_launcher_icon"
339-->[com.squareup.leakcanary:leakcanary-android-core:2.5] AndroidManifest.xml:49:13-66
340            android:icon="@mipmap/leak_canary_icon"
340-->[com.squareup.leakcanary:leakcanary-android-core:2.5] AndroidManifest.xml:50:13-52
341            android:label="@string/leak_canary_display_activity_label"
341-->[com.squareup.leakcanary:leakcanary-android-core:2.5] AndroidManifest.xml:51:13-71